\BOOKMARK [0][-]{chapter*.2}{Liste des figures}{}% 1
\BOOKMARK [0][-]{chapter*.3}{Liste des tableaux}{}% 2
\BOOKMARK [0][-]{chapter*.3}{Acronymes}{}% 3
\BOOKMARK [0][-]{chapter.1}{Titre du premier chapitre}{}% 4
\BOOKMARK [1][-]{section.1.1}{Titre de la premi\350re section}{chapter.1}% 5
\BOOKMARK [2][-]{subsection.1.1.1}{Titre de la premi\350re sous section}{section.1.1}% 6
\BOOKMARK [2][-]{subsection.1.1.2}{Titre de la deuxi\350me sous-section}{section.1.1}% 7
\BOOKMARK [1][-]{section.1.2}{Titre de la deuxi\350me section}{chapter.1}% 8
\BOOKMARK [0][-]{chapter.2}{Titre du deuxi\350me chapitre}{}% 9
\BOOKMARK [1][-]{section.2.1}{Comment faire un tableau?}{chapter.2}% 10
\BOOKMARK [1][-]{section.2.2}{Comment ins\351rer une figure?}{chapter.2}% 11
\BOOKMARK [1][-]{section.2.3}{Comment faire une r\351f\351rence \340 une figure ou un tableau?}{chapter.2}% 12
\BOOKMARK [1][-]{section.2.4}{Comment faire des listes?}{chapter.2}% 13
\BOOKMARK [1][-]{section.2.5}{comment faire une note de bas de page?}{chapter.2}% 14
\BOOKMARK [1][-]{section.2.6}{comment ins\351rer une note dans la marge}{chapter.2}% 15
\BOOKMARK [1][-]{section.2.7}{comment ajouter une entr\351e dans l'index?}{chapter.2}% 16
\BOOKMARK [0][-]{chapter.3}{Titre du troisi\350me chapitre}{}% 17
\BOOKMARK [0][-]{chapter.4}{Titre du quatri\350me chapitre}{}% 18
\BOOKMARK [0][-]{chapter.4}{Glossaire}{}% 19
\BOOKMARK [0][-]{chapter*.8}{Bibliographie}{}% 20
\BOOKMARK [0][-]{section*.9}{Appendices}{}% 21
\BOOKMARK [0][-]{appendix.A}{Titre de la premi\350re annexe}{}% 22
\BOOKMARK [1][-]{section.A.1}{Premi\350re Section premi\350re annexe}{appendix.A}% 23
\BOOKMARK [0][-]{appendix.B}{Titre de la deuxi\350me annexe}{}% 24
\BOOKMARK [1][-]{section.B.1}{Premi\350re Section deuxi\350me annexe}{appendix.B}% 25
\BOOKMARK [0][-]{section.B.1}{Index}{}% 26
